Arguments: 
  C:\Program Files\nodejs\node.exe C:\Users\Michał\AppData\Roaming\npm\node_modules\yarn\bin\yarn.js add conver-array-to-csv

PATH: 
  C:\Users\Michał\bin;D:\Git\mingw64\bin;D:\Git\usr\local\bin;D:\Git\usr\bin;D:\Git\usr\bin;D:\Git\mingw64\bin;D:\Git\usr\bin;C:\Users\Michał\bin;C:\Windows\system32;C:\Windows;C:\Windows\System32\Wbem;C:\Windows\System32\WindowsPowerShell\v1.0;C:\Program Files (x86)\NVIDIA Corporation\PhysX\Common;D:\Git\cmd;C:\Program Files\nodejs;C:\Users\Michał\AppData\Roaming\npm;C:\Program Files\heroku\bin;D:\Microsoft VS Code\bin;D:\Git\usr\bin\vendor_perl;D:\Git\usr\bin\core_perl

Yarn version: 
  1.22.17

Node version: 
  14.17.5

Platform: 
  win32 x64

Trace: 
  Error: https://registry.yarnpkg.com/conver-array-to-csv: Not found
      at Request.params.callback [as _callback] (C:\Users\Michał\AppData\Roaming\npm\node_modules\yarn\lib\cli.js:67029:18)
      at Request.self.callback (C:\Users\Michał\AppData\Roaming\npm\node_modules\yarn\lib\cli.js:140883:22)
      at Request.emit (events.js:400:28)
      at Request.<anonymous> (C:\Users\Michał\AppData\Roaming\npm\node_modules\yarn\lib\cli.js:141855:10)
      at Request.emit (events.js:400:28)
      at IncomingMessage.<anonymous> (C:\Users\Michał\AppData\Roaming\npm\node_modules\yarn\lib\cli.js:141777:12)
      at Object.onceWrapper (events.js:519:28)
      at IncomingMessage.emit (events.js:412:35)
      at endReadableNT (internal/streams/readable.js:1317:12)
      at processTicksAndRejections (internal/process/task_queues.js:82:21)

npm manifest: 
  {
    "name": "first-node-project",
    "version": "1.0.0",
    "main": "index.js",
    "repository": "git@github.com:MichalFree/first-node-project.git",
    "author": "Michał Szymański <michal.szymanski1908@gmail.com>",
    "license": "MIT",
    "private": true,
    "dependencies": {}
  }

yarn manifest: 
  No manifest

Lockfile: 
  # THIS IS AN AUTOGENERATED FILE. DO NOT EDIT THIS FILE DIRECTLY.
  # yarn lockfile v1
